<?xml version="1.0" encoding="UTF-8"?>
<coverage generated="1644168304734" clover="3.2.0">
  <project timestamp="1644168304734" name="All files">
    <metrics statements="9" coveredstatements="9" conditionals="6" coveredconditionals="6" methods="1" coveredmethods="1" elements="16" coveredelements="16" complexity="0" loc="9" ncloc="9" packages="1" files="1" classes="1"/>
    <file name="numbersToWords.js" path="/home/runner/Section-A-1/numbersToWords.js">
      <metrics statements="9" coveredstatements="9" conditionals="6" coveredconditionals="6" methods="1" coveredmethods="1"/>
      <line num="13" count="1" type="stmt"/>
      <line num="27" count="1" type="stmt"/>
      <line num="38" count="1" type="stmt"/>
      <line num="53" count="41" type="cond" truecount="4" falsecount="0"/>
      <line num="54" count="14" type="stmt"/>
      <line num="56" count="27" type="cond" truecount="2" falsecount="0"/>
      <line num="57" count="13" type="stmt"/>
      <line num="60" count="14" type="stmt"/>
      <line num="64" count="1" type="stmt"/>
    </file>
  </project>
</coverage>
