{"/home/runner/Section-A-1/numbersToWords.js": {"path":"/home/runner/Section-A-1/numbersToWords.js","statementMap":{"0":{"start":{"line":13,"column":12},"end":{"line":25,"column":1}},"1":{"start":{"line":27,"column":11},"end":{"line":36,"column":1}},"2":{"start":{"line":38,"column":12},"end":{"line":48,"column":1}},"3":{"start":{"line":53,"column":2},"end":{"line":61,"column":3}},"4":{"start":{"line":54,"column":4},"end":{"line":54,"column":21}},"5":{"start":{"line":56,"column":7},"end":{"line":61,"column":3}},"6":{"start":{"line":57,"column":4},"end":{"line":57,"column":21}},"7":{"start":{"line":60,"column":4},"end":{"line":60,"column":45}},"8":{"start":{"line":64,"column":0},"end":{"line":64,"column":31}}},"fnMap":{"0":{"name":"numbersToWords","decl":{"start":{"line":50,"column":9},"end":{"line":50,"column":23}},"loc":{"start":{"line":50,"column":29},"end":{"line":62,"column":1}},"line":50}},"branchMap":{"0":{"loc":{"start":{"line":53,"column":2},"end":{"line":61,"column":3}},"type":"if","locations":[{"start":{"line":53,"column":2},"end":{"line":61,"column":3}},{"start":{"line":56,"column":7},"end":{"line":61,"column":3}}],"line":53},"1":{"loc":{"start":{"line":53,"column":6},"end":{"line":53,"column":28}},"type":"binary-expr","locations":[{"start":{"line":53,"column":6},"end":{"line":53,"column":15}},{"start":{"line":53,"column":19},"end":{"line":53,"column":28}}],"line":53},"2":{"loc":{"start":{"line":56,"column":7},"end":{"line":61,"column":3}},"type":"if","locations":[{"start":{"line":56,"column":7},"end":{"line":61,"column":3}},{"start":{"line":59,"column":7},"end":{"line":61,"column":3}}],"line":56}},"s":{"0":1,"1":1,"2":1,"3":41,"4":14,"5":27,"6":13,"7":14,"8":1},"f":{"0":41},"b":{"0":[14,27],"1":[41,25],"2":[13,14]},"_coverageSchema":"1a1c01bbd47fc00a2c39e90264f33305004495a9","hash":"02d32baa7942be4e83c77f2987ee93c7fcb23f9a"}
}
